
[2025-10-13T20:49:32.838Z]
Usuario: Usuario local
Mensaje: hola botz
Intención: saludo
Respuesta: Hola 👋, soy Zara – Asistente Body Elite. Puedo ayudarte a conocer tratamientos, precios o agendar tu diagnóstico gratuito. ¿Qué te gustaría hacer?
---------------------------------------------

[2025-10-13T20:49:32.842Z]
Usuario: Usuario local
Mensaje: buenas tardes
Intención: saludo
Respuesta: Hola 👋, soy Zara – Asistente Body Elite. Puedo ayudarte a conocer tratamientos, precios o agendar tu diagnóstico gratuito. ¿Qué te gustaría hacer?
---------------------------------------------

[2025-10-13T20:49:32.843Z]
Usuario: Usuario local
Mensaje: quiero haifu
Intención: general
Respuesta: Gracias por tu interés en nuestra promoción HIFU. 💙 Incluye diagnóstico gratuito con tecnología FitDays y asesoría personalizada.

📍 Av. Las Perdices Nº2990, Local 23, Peñalolén.
🕒 Lun–Vie 9:30–20:00 | Sáb 9:30–13:00

Agenda aquí tu evaluación gratuita 👇
https://agendamiento.reservo.cl/makereserva/agenda/f0Hq15w0M0nrxU8d7W64x5t2S6L4h9
---------------------------------------------

[2025-10-13T20:49:32.844Z]
Usuario: Usuario local
Mensaje: tocina y cavitasion
Intención: general
Respuesta: Puedo ayudarte con tratamientos, precios o agendamientos. Escribe “quiero agendar” o “qué incluye el plan HIFU” para comenzar.
---------------------------------------------

[2025-10-13T20:49:32.845Z]
Usuario: Usuario local
Mensaje: cuánto cuesta la lipo body elite
Intención: precios
Respuesta: Gracias por tu interés en nuestra promoción Lipo. 💙 Incluye diagnóstico gratuito con tecnología FitDays y asesoría personalizada.

📍 Av. Las Perdices Nº2990, Local 23, Peñalolén.
🕒 Lun–Vie 9:30–20:00 | Sáb 9:30–13:00

Agenda aquí tu evaluación gratuita 👇
https://agendamiento.reservo.cl/makereserva/agenda/f0Hq15w0M0nrxU8d7W64x5t2S6L4h9
---------------------------------------------

[2025-10-13T20:49:32.846Z]
Usuario: Usuario local
Mensaje: donde estan ubicados
Intención: ubicacion
Respuesta: 📍 Body Elite: Av. Las Perdices Nº2990, Local 23, Peñalolén.
🕒 Lun–Vie 9:30–20:00 | Sáb 9:30–13:00
---------------------------------------------

[2025-10-13T20:49:32.846Z]
Usuario: Usuario local
Mensaje: limpieza facila y face elite
Intención: general
Respuesta: Gracias por tu interés en nuestra promoción Face Elite. 💙 Incluye diagnóstico gratuito con tecnología FitDays y asesoría personalizada.

📍 Av. Las Perdices Nº2990, Local 23, Peñalolén.
🕒 Lun–Vie 9:30–20:00 | Sáb 9:30–13:00

Agenda aquí tu evaluación gratuita 👇
https://agendamiento.reservo.cl/makereserva/agenda/f0Hq15w0M0nrxU8d7W64x5t2S6L4h9
---------------------------------------------

[2025-10-13T20:49:32.847Z]
Usuario: Usuario local
Mensaje: tratamiento antiacne
Intención: general
Respuesta: Gracias por tu interés en nuestra promoción Face Antiacné. 💙 Incluye diagnóstico gratuito con tecnología FitDays y asesoría personalizada.

📍 Av. Las Perdices Nº2990, Local 23, Peñalolén.
🕒 Lun–Vie 9:30–20:00 | Sáb 9:30–13:00

Agenda aquí tu evaluación gratuita 👇
https://agendamiento.reservo.cl/makereserva/agenda/f0Hq15w0M0nrxU8d7W64x5t2S6L4h9
---------------------------------------------

[2025-10-13T20:49:32.848Z]
Usuario: Usuario local
Mensaje: quiero agendar evaluacion gratuita
Intención: agenda
Respuesta: Puedes agendar tu hora aquí 👇
https://agendamiento.reservo.cl/makereserva/agenda/f0Hq15w0M0nrxU8d7W64x5t2S6L4h9
---------------------------------------------

[2025-10-13T20:49:32.849Z]
Usuario: Usuario local
Mensaje: gracias chau
Intención: despedida
Respuesta: Gracias por contactar a Body Elite 💙. Si deseas agendar, escribe *Reserva* o toca el siguiente enlace:
https://agendamiento.reservo.cl/makereserva/agenda/f0Hq15w0M0nrxU8d7W64x5t2S6L4h9
---------------------------------------------

[2025-10-13T20:49:32.849Z]
Usuario: Usuario local
Mensaje: vi su anuncio de Push Up en instagram
Intención: general
Respuesta: Gracias por tu interés en nuestra promoción Push Up. 💙 Incluye diagnóstico gratuito con tecnología FitDays y asesoría personalizada.

📍 Av. Las Perdices Nº2990, Local 23, Peñalolén.
🕒 Lun–Vie 9:30–20:00 | Sáb 9:30–13:00

Agenda aquí tu evaluación gratuita 👇
https://agendamiento.reservo.cl/makereserva/agenda/f0Hq15w0M0nrxU8d7W64x5t2S6L4h9
---------------------------------------------

[2025-10-13T20:49:32.850Z]
Usuario: Usuario local
Mensaje: me salió la promoción de gluteos
Intención: general
Respuesta: Gracias por tu interés en nuestra promoción Push Up. 💙 Incluye diagnóstico gratuito con tecnología FitDays y asesoría personalizada.

📍 Av. Las Perdices Nº2990, Local 23, Peñalolén.
🕒 Lun–Vie 9:30–20:00 | Sáb 9:30–13:00

Agenda aquí tu evaluación gratuita 👇
https://agendamiento.reservo.cl/makereserva/agenda/f0Hq15w0M0nrxU8d7W64x5t2S6L4h9
---------------------------------------------

[2025-10-13T20:49:32.851Z]
Usuario: Usuario local
Mensaje: fb.me/3onhNjoyx
Intención: general
Respuesta: Gracias por tu interés en nuestra promoción Anuncio Meta. 💙 Incluye diagnóstico gratuito con tecnología FitDays y asesoría personalizada.

📍 Av. Las Perdices Nº2990, Local 23, Peñalolén.
🕒 Lun–Vie 9:30–20:00 | Sáb 9:30–13:00

Agenda aquí tu evaluación gratuita 👇
https://agendamiento.reservo.cl/makereserva/agenda/f0Hq15w0M0nrxU8d7W64x5t2S6L4h9
---------------------------------------------

[2025-10-13T20:49:32.852Z]
Usuario: Usuario local
Mensaje: promo face elite facebook
Intención: general
Respuesta: Gracias por tu interés en nuestra promoción Face Elite. 💙 Incluye diagnóstico gratuito con tecnología FitDays y asesoría personalizada.

📍 Av. Las Perdices Nº2990, Local 23, Peñalolén.
🕒 Lun–Vie 9:30–20:00 | Sáb 9:30–13:00

Agenda aquí tu evaluación gratuita 👇
https://agendamiento.reservo.cl/makereserva/agenda/f0Hq15w0M0nrxU8d7W64x5t2S6L4h9
---------------------------------------------

[2025-10-13T20:49:32.853Z]
Usuario: Usuario local
Mensaje: vi su anuncio de depilacion laser gratis
Intención: general
Respuesta: Gracias por tu interés en nuestra promoción Depilación Láser. 💙 Incluye diagnóstico gratuito con tecnología FitDays y asesoría personalizada.

📍 Av. Las Perdices Nº2990, Local 23, Peñalolén.
🕒 Lun–Vie 9:30–20:00 | Sáb 9:30–13:00

Agenda aquí tu evaluación gratuita 👇
https://agendamiento.reservo.cl/makereserva/agenda/f0Hq15w0M0nrxU8d7W64x5t2S6L4h9
---------------------------------------------

[2025-10-13T20:49:32.854Z]
Usuario: Usuario (image)
Mensaje: Promoción Push Up glúteos firmes
Intención: general
Respuesta: Gracias por tu interés en nuestra promoción Push Up. 💙 Incluye diagnóstico gratuito con tecnología FitDays y asesoría personalizada.

📍 Av. Las Perdices Nº2990, Local 23, Peñalolén.
🕒 Lun–Vie 9:30–20:00 | Sáb 9:30–13:00

Agenda aquí tu evaluación gratuita 👇
https://agendamiento.reservo.cl/makereserva/agenda/f0Hq15w0M0nrxU8d7W64x5t2S6L4h9
---------------------------------------------

[2025-10-13T20:49:32.854Z]
Usuario: Usuario (image)
Mensaje: Tratamiento facial antiacne profesional
Intención: general
Respuesta: Gracias por tu interés en nuestra promoción Face Elite. 💙 Incluye diagnóstico gratuito con tecnología FitDays y asesoría personalizada.

📍 Av. Las Perdices Nº2990, Local 23, Peñalolén.
🕒 Lun–Vie 9:30–20:00 | Sáb 9:30–13:00

Agenda aquí tu evaluación gratuita 👇
https://agendamiento.reservo.cl/makereserva/agenda/f0Hq15w0M0nrxU8d7W64x5t2S6L4h9
---------------------------------------------

[2025-10-13T20:49:32.855Z]
Usuario: Usuario (interactive)
Mensaje: Reservar cita de evaluación gratuita
Intención: agenda
Respuesta: Puedes agendar tu hora aquí 👇
https://agendamiento.reservo.cl/makereserva/agenda/f0Hq15w0M0nrxU8d7W64x5t2S6L4h9
---------------------------------------------

[2025-10-13T20:49:32.855Z]
Usuario: Usuario (button)
Mensaje: Más información sobre Lipo
Intención: general
Respuesta: Gracias por tu interés en nuestra promoción Lipo. 💙 Incluye diagnóstico gratuito con tecnología FitDays y asesoría personalizada.

📍 Av. Las Perdices Nº2990, Local 23, Peñalolén.
🕒 Lun–Vie 9:30–20:00 | Sáb 9:30–13:00

Agenda aquí tu evaluación gratuita 👇
https://agendamiento.reservo.cl/makereserva/agenda/f0Hq15w0M0nrxU8d7W64x5t2S6L4h9
---------------------------------------------

[2025-10-13T20:58:06.530Z]
Usuario: Usuario local
Mensaje: hola botz
Intencion: saludo
Respuesta: Hola 👋, soy Zara – Asistente Body Elite. Puedo ayudarte a conocer tratamientos, precios o agendar tu diagnóstico gratuito. ¿Qué te gustaría hacer?
---------------------------------------------

[2025-10-13T20:58:06.532Z]
Usuario: Usuario local
Mensaje: tocina y cavitasion
Intencion: general
Respuesta: Puedo ayudarte con tratamientos, precios o agendamientos. Escribe “quiero agendar” o “qué incluye el plan HIFU” para comenzar.
---------------------------------------------

[2025-10-13T20:58:06.532Z]
Usuario: Usuario local
Mensaje: quiero haifu
Intencion: general
Respuesta: Gracias por tu interés en nuestra promoción HIFU. 💙 Incluye diagnóstico gratuito con tecnología FitDays y asesoría personalizada.

📍 Av. Las Perdices Nº2990, Local 23, Peñalolén.
🕒 Lun–Vie 9:30–20:00 | Sáb 9:30–13:00

Agenda aquí tu evaluación gratuita 👇
https://agendamiento.reservo.cl/makereserva/agenda/f0Hq15w0M0nrxU8d7W64x5t2S6L4h9
---------------------------------------------

[2025-10-13T20:58:06.535Z]
Usuario: Usuario local
Mensaje: limpieza facila y face elite
Intencion: general
Respuesta: Gracias por tu interés en nuestra promoción Face Elite. 💙 Incluye diagnóstico gratuito con tecnología FitDays y asesoría personalizada.

📍 Av. Las Perdices Nº2990, Local 23, Peñalolén.
🕒 Lun–Vie 9:30–20:00 | Sáb 9:30–13:00

Agenda aquí tu evaluación gratuita 👇
https://agendamiento.reservo.cl/makereserva/agenda/f0Hq15w0M0nrxU8d7W64x5t2S6L4h9
---------------------------------------------

[2025-10-13T20:58:06.536Z]
Usuario: Usuario local
Mensaje: vi su anuncio de Push Up en instagram
Intencion: general
Respuesta: Gracias por tu interés en nuestra promoción Push Up. 💙 Incluye diagnóstico gratuito con tecnología FitDays y asesoría personalizada.

📍 Av. Las Perdices Nº2990, Local 23, Peñalolén.
🕒 Lun–Vie 9:30–20:00 | Sáb 9:30–13:00

Agenda aquí tu evaluación gratuita 👇
https://agendamiento.reservo.cl/makereserva/agenda/f0Hq15w0M0nrxU8d7W64x5t2S6L4h9
---------------------------------------------

[2025-10-13T20:58:06.537Z]
Usuario: Usuario local
Mensaje: cuánto cuesta la lipo
Intencion: precios
Respuesta: Gracias por tu interés en nuestra promoción Lipo. 💙 Incluye diagnóstico gratuito con tecnología FitDays y asesoría personalizada.

📍 Av. Las Perdices Nº2990, Local 23, Peñalolén.
🕒 Lun–Vie 9:30–20:00 | Sáb 9:30–13:00

Agenda aquí tu evaluación gratuita 👇
https://agendamiento.reservo.cl/makereserva/agenda/f0Hq15w0M0nrxU8d7W64x5t2S6L4h9
---------------------------------------------

[2025-10-13T20:58:06.538Z]
Usuario: Usuario local
Mensaje: donde estan ubicados
Intencion: ubicacion
Respuesta: 📍 Body Elite: Av. Las Perdices Nº2990, Local 23, Peñalolén.
🕒 Lun–Vie 9:30–20:00 | Sáb 9:30–13:00
---------------------------------------------

[2025-10-13T21:03:51.178Z]
Usuario: Usuario local
Mensaje: hola botz
Intencion: saludo
Respuesta: Hola 👋, soy Zara – Asistente Body Elite. Puedo ayudarte a conocer tratamientos, precios o agendar tu diagnóstico gratuito. ¿Qué te gustaría hacer?
---------------------------------------------

[2025-10-13T21:03:51.180Z]
Usuario: Usuario local
Mensaje: tocina y cavitasion
Intencion: general
Respuesta: Puedo ayudarte con tratamientos, precios o agendamientos. Escribe “quiero agendar” o “qué incluye el plan HIFU” para comenzar.
---------------------------------------------

[2025-10-13T21:03:51.181Z]
Usuario: Usuario local
Mensaje: quiero haifu
Intencion: general
Respuesta: Gracias por tu interés en nuestra promoción HIFU. 💙 Incluye diagnóstico gratuito con tecnología FitDays y asesoría personalizada.

📍 Av. Las Perdices Nº2990, Local 23, Peñalolén.
🕒 Lun–Vie 9:30–20:00 | Sáb 9:30–13:00

Agenda aquí tu evaluación gratuita 👇
https://agendamiento.reservo.cl/makereserva/agenda/f0Hq15w0M0nrxU8d7W64x5t2S6L4h9
---------------------------------------------

[2025-10-13T21:03:51.181Z]
Usuario: Usuario local
Mensaje: limpieza facila y face elite
Intencion: general
Respuesta: Gracias por tu interés en nuestra promoción Face Elite. 💙 Incluye diagnóstico gratuito con tecnología FitDays y asesoría personalizada.

📍 Av. Las Perdices Nº2990, Local 23, Peñalolén.
🕒 Lun–Vie 9:30–20:00 | Sáb 9:30–13:00

Agenda aquí tu evaluación gratuita 👇
https://agendamiento.reservo.cl/makereserva/agenda/f0Hq15w0M0nrxU8d7W64x5t2S6L4h9
---------------------------------------------

[2025-10-13T21:03:51.183Z]
Usuario: Usuario local
Mensaje: vi su anuncio de Push Up en instagram
Intencion: general
Respuesta: Gracias por tu interés en nuestra promoción Push Up. 💙 Incluye diagnóstico gratuito con tecnología FitDays y asesoría personalizada.

📍 Av. Las Perdices Nº2990, Local 23, Peñalolén.
🕒 Lun–Vie 9:30–20:00 | Sáb 9:30–13:00

Agenda aquí tu evaluación gratuita 👇
https://agendamiento.reservo.cl/makereserva/agenda/f0Hq15w0M0nrxU8d7W64x5t2S6L4h9
---------------------------------------------

[2025-10-13T21:03:51.183Z]
Usuario: Usuario local
Mensaje: cuánto cuesta la lipo
Intencion: precios
Respuesta: Gracias por tu interés en nuestra promoción Lipo. 💙 Incluye diagnóstico gratuito con tecnología FitDays y asesoría personalizada.

📍 Av. Las Perdices Nº2990, Local 23, Peñalolén.
🕒 Lun–Vie 9:30–20:00 | Sáb 9:30–13:00

Agenda aquí tu evaluación gratuita 👇
https://agendamiento.reservo.cl/makereserva/agenda/f0Hq15w0M0nrxU8d7W64x5t2S6L4h9
---------------------------------------------

[2025-10-13T21:03:51.184Z]
Usuario: Usuario local
Mensaje: donde estan ubicados
Intencion: ubicacion
Respuesta: 📍 Body Elite: Av. Las Perdices Nº2990, Local 23, Peñalolén.
🕒 Lun–Vie 9:30–20:00 | Sáb 9:30–13:00
---------------------------------------------

[2025-10-13T21:16:07.719Z]
Usuario: Usuario Local
Mensaje: hola
Respuesta: ¡Hola! Soy Zara 💙, asistente virtual de Body Elite Estética Avanzada. Te ayudaré a conocer nuestros tratamientos, agendar tu diagnóstico gratuito y acompañarte durante tu experiencia estética sin bisturí.
---------------------------------------------

[2025-10-13T21:16:07.720Z]
Usuario: Usuario Local
Mensaje: vi su anuncio de push up en instagram
Respuesta: Nuestra promoción Push Up incluye evaluación gratuita para determinar el plan ideal según tu diagnóstico corporal o facial. 💙

Agenda Gratis acá ✳️
*Asistencia IA + especialistas certificados para seguimiento personalizado.*
---------------------------------------------

[2025-10-13T21:16:07.721Z]
Usuario: Usuario Local
Mensaje: quiero esa promoción
Respuesta: Nuestra promoción la promoción incluye evaluación gratuita para determinar el plan ideal según tu diagnóstico corporal o facial. 💙

Agenda Gratis acá ✳️
*Asistencia IA + especialistas certificados para seguimiento personalizado.*
---------------------------------------------

[2025-10-13T21:16:07.722Z]
Usuario: Usuario Local
Mensaje: y en qué consiste
Respuesta: Nuestra promoción la promoción incluye evaluación gratuita para determinar el plan ideal según tu diagnóstico corporal o facial. 💙

Agenda Gratis acá ✳️
*Asistencia IA + especialistas certificados para seguimiento personalizado.*
---------------------------------------------

[2025-10-13T21:16:07.723Z]
Usuario: Usuario Local
Mensaje: cuánto cuesta
Respuesta: 💰 Valores actualizados:
- Lipo Body Elite $664.000
- Face Elite $358.400
- Limpieza Facial Full $120.000
Todos incluyen diagnóstico gratuito.
---------------------------------------------

[2025-10-13T21:16:07.723Z]
Usuario: Usuario Local
Mensaje: dónde están ubicados
Respuesta: 📍 Av. Las Perdices Nº2990, Local 23, Peñalolén.
🕒 Lun–Vie 9:30–20:00 | Sáb 9:30–13:00
✳️ Agenda Gratis acá
---------------------------------------------

[2025-10-13T21:16:07.725Z]
Usuario: Usuario Local
Mensaje: gracias
Respuesta: Gracias por contactar a Body Elite 💙. Si deseas agendar tu evaluación, solo escribe *Agenda Gratis acá* y continuamos.
---------------------------------------------

[2025-10-13T21:21:40.930Z]
Usuario: Usuario Local
Mensaje: hola
Respuesta: ¡Hola! Soy Zara 💙, asistente virtual de Body Elite Estética Avanzada. Te ayudaré a conocer nuestros tratamientos, agendar tu diagnóstico gratuito y acompañarte durante tu experiencia estética sin bisturí.
---------------------------------------------

[2025-10-13T21:21:40.931Z]
Usuario: Usuario Local
Mensaje: vi su anuncio de push up en instagram
Respuesta: Nuestra promoción Push Up incluye diagnóstico y asesoría gratuita con especialistas. 💙

✳️ Agenda Gratis acá
---------------------------------------------

[2025-10-13T21:21:40.932Z]
Usuario: Usuario Local
Mensaje: quiero esa promoción
Respuesta: Nuestra promoción la promoción incluye diagnóstico y asesoría gratuita con especialistas. 💙

✳️ Agenda Gratis acá
---------------------------------------------

[2025-10-13T21:21:40.932Z]
Usuario: Usuario Local
Mensaje: y en qué consiste
Respuesta: Nuestra promoción la promoción incluye diagnóstico y asesoría gratuita con especialistas. 💙

✳️ Agenda Gratis acá
---------------------------------------------

[2025-10-13T21:21:40.933Z]
Usuario: Usuario Local
Mensaje: cuánto cuesta
Respuesta: 💰 Valores aproximados:
- Lipo Body Elite $664.000
- Face Elite $358.400
- Limpieza Facial Full $120.000
Todos incluyen diagnóstico gratuito.
✳️ Agenda Gratis acá
---------------------------------------------

[2025-10-13T21:21:40.934Z]
Usuario: Usuario Local
Mensaje: dónde están ubicados
Respuesta: 📍 Av. Las Perdices Nº2990, Local 23, Peñalolén.
🕒 Lun–Vie 9:30–20:00 | Sáb 9:30–13:00
✳️ Agenda Gratis acá
---------------------------------------------

[2025-10-13T21:21:40.935Z]
Usuario: Usuario Local
Mensaje: gracias
Respuesta: Gracias por contactar a Body Elite 💙
✳️ Agenda Gratis acá
---------------------------------------------
